{"level":"info","message":"Server running on port 3000","service":"call-center-pos","timestamp":"2026-05-08 14:24:07"}
{"level":"info","message":"MongoDB Atlas connected successfully","service":"call-center-pos","timestamp":"2026-05-08 14:24:09"}
{"level":"info","message":"Server running on port 3000","service":"call-center-pos","timestamp":"2026-05-08 14:37:35"}
{"level":"info","message":"MongoDB Atlas connected successfully","service":"call-center-pos","timestamp":"2026-05-08 14:37:36"}
{"level":"error","message":"Login error: next is not a function","service":"call-center-pos","stack":"TypeError: next is not a function\n    at model.<anonymous> (C:\\Users\\User\\OneDrive\\Desktop\\omanproject\\src\\Model\\user.js:50:44)\n    at Kareem.execPre (C:\\Users\\User\\OneDrive\\Desktop\\omanproject\\node_modules\\kareem\\index.js:59:39)","timestamp":"2026-05-08 14:37:49"}
{"level":"error","message":"Login error: next is not a function","service":"call-center-pos","stack":"TypeError: next is not a function\n    at model.<anonymous> (C:\\Users\\User\\OneDrive\\Desktop\\omanproject\\src\\Model\\user.js:50:44)\n    at Kareem.execPre (C:\\Users\\User\\OneDrive\\Desktop\\omanproject\\node_modules\\kareem\\index.js:59:39)","timestamp":"2026-05-08 14:40:18"}
{"level":"info","message":"Server running on port 3000","service":"call-center-pos","timestamp":"2026-05-08 14:51:02"}
{"level":"info","message":"MongoDB Atlas connected successfully","service":"call-center-pos","timestamp":"2026-05-08 14:51:03"}
{"level":"error","message":"Login error: next is not a function","service":"call-center-pos","stack":"TypeError: next is not a function\n    at model.<anonymous> (C:\\Users\\User\\OneDrive\\Desktop\\omanproject\\src\\Model\\user.js:50:44)\n    at Kareem.execPre (C:\\Users\\User\\OneDrive\\Desktop\\omanproject\\node_modules\\kareem\\index.js:59:39)","timestamp":"2026-05-08 14:51:40"}
{"level":"error","message":"Login error: next is not a function","service":"call-center-pos","stack":"TypeError: next is not a function\n    at model.<anonymous> (C:\\Users\\User\\OneDrive\\Desktop\\omanproject\\src\\Model\\user.js:50:44)\n    at Kareem.execPre (C:\\Users\\User\\OneDrive\\Desktop\\omanproject\\node_modules\\kareem\\index.js:59:39)","timestamp":"2026-05-08 14:51:55"}
{"level":"error","message":"Login error: next is not a function","service":"call-center-pos","stack":"TypeError: next is not a function\n    at model.<anonymous> (C:\\Users\\User\\OneDrive\\Desktop\\omanproject\\src\\Model\\user.js:50:44)\n    at Kareem.execPre (C:\\Users\\User\\OneDrive\\Desktop\\omanproject\\node_modules\\kareem\\index.js:59:39)","timestamp":"2026-05-08 14:51:56"}
{"level":"error","message":"Login error: next is not a function","service":"call-center-pos","stack":"TypeError: next is not a function\n    at model.<anonymous> (C:\\Users\\User\\OneDrive\\Desktop\\omanproject\\src\\Model\\user.js:50:44)\n    at Kareem.execPre (C:\\Users\\User\\OneDrive\\Desktop\\omanproject\\node_modules\\kareem\\index.js:59:39)","timestamp":"2026-05-08 14:51:57"}
{"level":"error","message":"Login error: next is not a function","service":"call-center-pos","stack":"TypeError: next is not a function\n    at model.<anonymous> (C:\\Users\\User\\OneDrive\\Desktop\\omanproject\\src\\Model\\user.js:50:44)\n    at Kareem.execPre (C:\\Users\\User\\OneDrive\\Desktop\\omanproject\\node_modules\\kareem\\index.js:59:39)","timestamp":"2026-05-08 14:51:58"}
{"level":"error","message":"Login error: next is not a function","service":"call-center-pos","stack":"TypeError: next is not a function\n    at model.<anonymous> (C:\\Users\\User\\OneDrive\\Desktop\\omanproject\\src\\Model\\user.js:50:44)\n    at Kareem.execPre (C:\\Users\\User\\OneDrive\\Desktop\\omanproject\\node_modules\\kareem\\index.js:59:39)","timestamp":"2026-05-08 14:51:58"}
{"level":"error","message":"Login error: next is not a function","service":"call-center-pos","stack":"TypeError: next is not a function\n    at model.<anonymous> (C:\\Users\\User\\OneDrive\\Desktop\\omanproject\\src\\Model\\user.js:50:44)\n    at Kareem.execPre (C:\\Users\\User\\OneDrive\\Desktop\\omanproject\\node_modules\\kareem\\index.js:59:39)","timestamp":"2026-05-08 14:51:59"}
{"level":"error","message":"Login error: next is not a function","service":"call-center-pos","stack":"TypeError: next is not a function\n    at model.<anonymous> (C:\\Users\\User\\OneDrive\\Desktop\\omanproject\\src\\Model\\user.js:50:44)\n    at Kareem.execPre (C:\\Users\\User\\OneDrive\\Desktop\\omanproject\\node_modules\\kareem\\index.js:59:39)","timestamp":"2026-05-08 14:53:46"}
{"level":"info","message":"Server running on port 3000","service":"call-center-pos","timestamp":"2026-05-08 15:02:01"}
{"level":"info","message":"MongoDB Atlas connected successfully","service":"call-center-pos","timestamp":"2026-05-08 15:02:02"}
{"level":"error","message":"Create/update customer error: next is not a function","service":"call-center-pos","stack":"TypeError: next is not a function\n    at model.<anonymous> (C:\\Users\\User\\OneDrive\\Desktop\\omanproject\\src\\Model\\customer.js:62:3)\n    at Kareem.execPre (C:\\Users\\User\\OneDrive\\Desktop\\omanproject\\node_modules\\kareem\\index.js:59:39)\n    at process.processTicksAndRejections (node:internal/process/task_queues:105:5)","timestamp":"2026-05-08 15:04:12"}
{"level":"info","message":"Server running on port 3000","service":"call-center-pos","timestamp":"2026-05-08 15:16:05"}
{"level":"info","message":"MongoDB Atlas connected successfully","service":"call-center-pos","timestamp":"2026-05-08 15:16:06"}
{"level":"info","message":"Server running on port 3000","service":"call-center-pos","timestamp":"2026-05-08 16:34:22"}
{"level":"info","message":"MongoDB Atlas connected successfully","service":"call-center-pos","timestamp":"2026-05-08 16:34:23"}
{"level":"info","message":"Server running on port 3000","service":"call-center-pos","timestamp":"2026-05-08 16:37:58"}
{"level":"info","message":"MongoDB Atlas connected successfully","service":"call-center-pos","timestamp":"2026-05-08 16:38:03"}
{"level":"info","message":"Server running on port 3000","service":"call-center-pos","timestamp":"2026-05-08 16:44:50"}
{"level":"info","message":"MongoDB Atlas connected successfully","service":"call-center-pos","timestamp":"2026-05-08 16:44:51"}
{"level":"info","message":"Server running on port 3000","service":"call-center-pos","timestamp":"2026-05-08 17:07:15"}
{"level":"info","message":"MongoDB Atlas connected successfully","service":"call-center-pos","timestamp":"2026-05-08 17:07:16"}
{"level":"info","message":"Server running on port 3000","service":"call-center-pos","timestamp":"2026-05-08 17:08:13"}
{"level":"info","message":"MongoDB Atlas connected successfully","service":"call-center-pos","timestamp":"2026-05-08 17:08:14"}
{"level":"warn","message":"404 - ENOENT: no such file or directory, stat 'C:\\Users\\User\\OneDrive\\Desktop\\omanproject\\public\\login.html' - / - GET - ::1","service":"call-center-pos","timestamp":"2026-05-08 17:09:20"}
{"level":"info","message":"Server running on port 3000","service":"call-center-pos","timestamp":"2026-05-08 17:10:30"}
{"level":"info","message":"MongoDB Atlas connected successfully","service":"call-center-pos","timestamp":"2026-05-08 17:10:31"}
{"level":"info","message":"Server running on port 3000","service":"call-center-pos","timestamp":"2026-05-08 17:21:42"}
{"level":"info","message":"MongoDB Atlas connected successfully","service":"call-center-pos","timestamp":"2026-05-08 17:21:42"}
{"level":"info","message":"Socket connected: _yHG1n1km-1V59ZOAAAB, Role: branch_staff","service":"call-center-pos","timestamp":"2026-05-08 17:21:50"}
{"level":"info","message":"Socket connected: sHNmUac6KjUA76YqAAAD, Role: call_center","service":"call-center-pos","timestamp":"2026-05-08 17:24:12"}
